<?xml version="1.0" encoding="UTF-8"?>
<coverage generated="1674786458406" clover="3.2.0">
  <project timestamp="1674786458406" name="All files">
    <metrics statements="25" coveredstatements="19" conditionals="8" coveredconditionals="5" methods="7" coveredmethods="4" elements="40" coveredelements="28" complexity="0" loc="25" ncloc="25" packages="1" files="1" classes="1"/>
    <file name="main.js" path="C:\Users\pasik\Desktop\Lessons\dev\if-js\main.js">
      <metrics statements="25" coveredstatements="19" conditionals="8" coveredconditionals="5" methods="7" coveredmethods="4"/>
      <line num="2" count="1" type="stmt"/>
      <line num="3" count="1" type="stmt"/>
      <line num="6" count="1" type="stmt"/>
      <line num="7" count="1" type="stmt"/>
      <line num="10" count="4" type="stmt"/>
      <line num="11" count="4" type="stmt"/>
      <line num="12" count="4" type="stmt"/>
      <line num="13" count="7" type="cond" truecount="2" falsecount="0"/>
      <line num="14" count="7" type="stmt"/>
      <line num="18" count="1" type="stmt"/>
      <line num="20" count="1" type="stmt"/>
      <line num="21" count="1" type="stmt"/>
      <line num="22" count="1" type="stmt"/>
      <line num="24" count="1" type="stmt"/>
      <line num="25" count="1" type="stmt"/>
      <line num="26" count="1" type="stmt"/>
      <line num="28" count="1" type="cond" truecount="1" falsecount="1"/>
      <line num="29" count="0" type="stmt"/>
      <line num="30" count="0" type="stmt"/>
      <line num="32" count="1" type="cond" truecount="1" falsecount="1"/>
      <line num="33" count="0" type="stmt"/>
      <line num="34" count="0" type="stmt"/>
      <line num="36" count="1" type="cond" truecount="1" falsecount="1"/>
      <line num="37" count="0" type="stmt"/>
      <line num="38" count="0" type="stmt"/>
    </file>
  </project>
</coverage>
