{"C:\\Users\\pasik\\Desktop\\Lessons\\dev\\if-js\\main.js": {"path":"C:\\Users\\pasik\\Desktop\\Lessons\\dev\\if-js\\main.js","statementMap":{"0":{"start":{"line":2,"column":2},"end":{"line":4,"column":4}},"1":{"start":{"line":3,"column":4},"end":{"line":3,"column":17}},"2":{"start":{"line":6,"column":0},"end":{"line":6,"column":21}},"3":{"start":{"line":7,"column":0},"end":{"line":7,"column":23}},"4":{"start":{"line":10,"column":17},"end":{"line":10,"column":75}},"5":{"start":{"line":11,"column":10},"end":{"line":11,"column":11}},"6":{"start":{"line":12,"column":2},"end":{"line":15,"column":4}},"7":{"start":{"line":13,"column":4},"end":{"line":13,"column":44}},"8":{"start":{"line":14,"column":4},"end":{"line":14,"column":21}},"9":{"start":{"line":18,"column":0},"end":{"line":18,"column":26}},"10":{"start":{"line":20,"column":22},"end":{"line":20,"column":32}},"11":{"start":{"line":21,"column":22},"end":{"line":21,"column":32}},"12":{"start":{"line":22,"column":22},"end":{"line":22,"column":32}},"13":{"start":{"line":24,"column":14},"end":{"line":24,"column":46}},"14":{"start":{"line":25,"column":14},"end":{"line":25,"column":46}},"15":{"start":{"line":26,"column":14},"end":{"line":26,"column":46}},"16":{"start":{"line":28,"column":0},"end":{"line":31,"column":5}},"17":{"start":{"line":29,"column":2},"end":{"line":31,"column":5}},"18":{"start":{"line":30,"column":4},"end":{"line":30,"column":47}},"19":{"start":{"line":32,"column":0},"end":{"line":35,"column":5}},"20":{"start":{"line":33,"column":2},"end":{"line":35,"column":5}},"21":{"start":{"line":34,"column":4},"end":{"line":34,"column":47}},"22":{"start":{"line":36,"column":0},"end":{"line":39,"column":5}},"23":{"start":{"line":37,"column":2},"end":{"line":39,"column":5}},"24":{"start":{"line":38,"column":4},"end":{"line":38,"column":47}}},"fnMap":{"0":{"name":"sum","decl":{"start":{"line":1,"column":9},"end":{"line":1,"column":12}},"loc":{"start":{"line":1,"column":16},"end":{"line":5,"column":1}},"line":1},"1":{"name":"(anonymous_1)","decl":{"start":{"line":2,"column":9},"end":{"line":2,"column":10}},"loc":{"start":{"line":2,"column":22},"end":{"line":4,"column":3}},"line":2},"2":{"name":"getColor","decl":{"start":{"line":9,"column":9},"end":{"line":9,"column":17}},"loc":{"start":{"line":9,"column":20},"end":{"line":16,"column":1}},"line":9},"3":{"name":"(anonymous_3)","decl":{"start":{"line":12,"column":9},"end":{"line":12,"column":10}},"loc":{"start":{"line":12,"column":21},"end":{"line":15,"column":3}},"line":12},"4":{"name":"(anonymous_4)","decl":{"start":{"line":29,"column":34},"end":{"line":29,"column":35}},"loc":{"start":{"line":29,"column":45},"end":{"line":31,"column":3}},"line":29},"5":{"name":"(anonymous_5)","decl":{"start":{"line":33,"column":34},"end":{"line":33,"column":35}},"loc":{"start":{"line":33,"column":45},"end":{"line":35,"column":3}},"line":33},"6":{"name":"(anonymous_6)","decl":{"start":{"line":37,"column":34},"end":{"line":37,"column":35}},"loc":{"start":{"line":37,"column":45},"end":{"line":39,"column":3}},"line":37}},"branchMap":{"0":{"loc":{"start":{"line":13,"column":4},"end":{"line":13,"column":43}},"type":"cond-expr","locations":[{"start":{"line":13,"column":31},"end":{"line":13,"column":36}},{"start":{"line":13,"column":40},"end":{"line":13,"column":43}}],"line":13},"1":{"loc":{"start":{"line":28,"column":0},"end":{"line":31,"column":5}},"type":"if","locations":[{"start":{"line":28,"column":0},"end":{"line":31,"column":5}},{"start":{},"end":{}}],"line":28},"2":{"loc":{"start":{"line":32,"column":0},"end":{"line":35,"column":5}},"type":"if","locations":[{"start":{"line":32,"column":0},"end":{"line":35,"column":5}},{"start":{},"end":{}}],"line":32},"3":{"loc":{"start":{"line":36,"column":0},"end":{"line":39,"column":5}},"type":"if","locations":[{"start":{"line":36,"column":0},"end":{"line":39,"column":5}},{"start":{},"end":{}}],"line":36}},"s":{"0":1,"1":1,"2":1,"3":1,"4":4,"5":4,"6":4,"7":7,"8":7,"9":1,"10":1,"11":1,"12":1,"13":1,"14":1,"15":1,"16":1,"17":0,"18":0,"19":1,"20":0,"21":0,"22":1,"23":0,"24":0},"f":{"0":1,"1":1,"2":4,"3":7,"4":0,"5":0,"6":0},"b":{"0":[1,6],"1":[0,1],"2":[0,1],"3":[0,1]},"_coverageSchema":"1a1c01bbd47fc00a2c39e90264f33305004495a9","hash":"993d05952b1434983b65279e7ab2641f1e558df3"}
}
