{"C:\\Users\\pasik\\Desktop\\Lessons\\dev\\if-js\\main.js": {"path":"C:\\Users\\pasik\\Desktop\\Lessons\\dev\\if-js\\main.js","statementMap":{"0":{"start":{"line":1,"column":19},"end":{"line":3,"column":1}},"1":{"start":{"line":2,"column":2},"end":{"line":2,"column":22}},"2":{"start":{"line":2,"column":16},"end":{"line":2,"column":21}},"3":{"start":{"line":4,"column":0},"end":{"line":4,"column":23}},"4":{"start":{"line":7,"column":17},"end":{"line":7,"column":75}},"5":{"start":{"line":8,"column":10},"end":{"line":8,"column":11}},"6":{"start":{"line":9,"column":2},"end":{"line":12,"column":4}},"7":{"start":{"line":10,"column":4},"end":{"line":10,"column":44}},"8":{"start":{"line":11,"column":4},"end":{"line":11,"column":21}},"9":{"start":{"line":15,"column":22},"end":{"line":15,"column":32}},"10":{"start":{"line":16,"column":22},"end":{"line":16,"column":32}},"11":{"start":{"line":17,"column":22},"end":{"line":17,"column":32}},"12":{"start":{"line":19,"column":14},"end":{"line":19,"column":46}},"13":{"start":{"line":20,"column":14},"end":{"line":20,"column":46}},"14":{"start":{"line":21,"column":14},"end":{"line":21,"column":46}},"15":{"start":{"line":23,"column":0},"end":{"line":27,"column":1}},"16":{"start":{"line":24,"column":2},"end":{"line":26,"column":5}},"17":{"start":{"line":25,"column":4},"end":{"line":25,"column":47}},"18":{"start":{"line":28,"column":0},"end":{"line":32,"column":1}},"19":{"start":{"line":29,"column":2},"end":{"line":31,"column":5}},"20":{"start":{"line":30,"column":4},"end":{"line":30,"column":47}},"21":{"start":{"line":33,"column":0},"end":{"line":37,"column":1}},"22":{"start":{"line":34,"column":2},"end":{"line":36,"column":5}},"23":{"start":{"line":35,"column":4},"end":{"line":35,"column":47}}},"fnMap":{"0":{"name":"(anonymous_0)","decl":{"start":{"line":1,"column":19},"end":{"line":1,"column":20}},"loc":{"start":{"line":1,"column":26},"end":{"line":3,"column":1}},"line":1},"1":{"name":"(anonymous_1)","decl":{"start":{"line":2,"column":9},"end":{"line":2,"column":10}},"loc":{"start":{"line":2,"column":16},"end":{"line":2,"column":21}},"line":2},"2":{"name":"getColor","decl":{"start":{"line":6,"column":16},"end":{"line":6,"column":24}},"loc":{"start":{"line":6,"column":27},"end":{"line":13,"column":1}},"line":6},"3":{"name":"(anonymous_3)","decl":{"start":{"line":9,"column":9},"end":{"line":9,"column":10}},"loc":{"start":{"line":9,"column":21},"end":{"line":12,"column":3}},"line":9},"4":{"name":"(anonymous_4)","decl":{"start":{"line":24,"column":34},"end":{"line":24,"column":35}},"loc":{"start":{"line":24,"column":45},"end":{"line":26,"column":3}},"line":24},"5":{"name":"(anonymous_5)","decl":{"start":{"line":29,"column":34},"end":{"line":29,"column":35}},"loc":{"start":{"line":29,"column":45},"end":{"line":31,"column":3}},"line":29},"6":{"name":"(anonymous_6)","decl":{"start":{"line":34,"column":34},"end":{"line":34,"column":35}},"loc":{"start":{"line":34,"column":45},"end":{"line":36,"column":3}},"line":34}},"branchMap":{"0":{"loc":{"start":{"line":10,"column":4},"end":{"line":10,"column":43}},"type":"cond-expr","locations":[{"start":{"line":10,"column":31},"end":{"line":10,"column":36}},{"start":{"line":10,"column":40},"end":{"line":10,"column":43}}],"line":10},"1":{"loc":{"start":{"line":23,"column":0},"end":{"line":27,"column":1}},"type":"if","locations":[{"start":{"line":23,"column":0},"end":{"line":27,"column":1}},{"start":{},"end":{}}],"line":23},"2":{"loc":{"start":{"line":28,"column":0},"end":{"line":32,"column":1}},"type":"if","locations":[{"start":{"line":28,"column":0},"end":{"line":32,"column":1}},{"start":{},"end":{}}],"line":28},"3":{"loc":{"start":{"line":33,"column":0},"end":{"line":37,"column":1}},"type":"if","locations":[{"start":{"line":33,"column":0},"end":{"line":37,"column":1}},{"start":{},"end":{}}],"line":33}},"s":{"0":1,"1":2,"2":2,"3":1,"4":4,"5":4,"6":4,"7":6,"8":6,"9":1,"10":1,"11":1,"12":1,"13":1,"14":1,"15":1,"16":0,"17":0,"18":1,"19":0,"20":0,"21":1,"22":0,"23":0},"f":{"0":2,"1":2,"2":4,"3":6,"4":0,"5":0,"6":0},"b":{"0":[1,5],"1":[0,1],"2":[0,1],"3":[0,1]},"_coverageSchema":"1a1c01bbd47fc00a2c39e90264f33305004495a9","hash":"5a3a9b31760a0005535c123d72be803750782fe3"}
}
