TN:
SF:main.js
FN:1,sum
FN:2,(anonymous_1)
FN:8,getColor
FN:11,(anonymous_3)
FN:28,(anonymous_4)
FN:32,(anonymous_5)
FN:36,(anonymous_6)
FNF:7
FNH:4
FNDA:2,sum
FNDA:2,(anonymous_1)
FNDA:4,getColor
FNDA:6,(anonymous_3)
FNDA:0,(anonymous_4)
FNDA:0,(anonymous_5)
FNDA:0,(anonymous_6)
DA:2,2
DA:3,2
DA:6,1
DA:9,4
DA:10,4
DA:11,4
DA:12,6
DA:13,6
DA:17,1
DA:19,1
DA:20,1
DA:21,1
DA:23,1
DA:24,1
DA:25,1
DA:27,1
DA:28,0
DA:29,0
DA:31,1
DA:32,0
DA:33,0
DA:35,1
DA:36,0
DA:37,0
LF:24
LH:18
BRDA:12,0,0,1
BRDA:12,0,1,5
BRDA:27,1,0,0
BRDA:27,1,1,1
BRDA:31,2,0,0
BRDA:31,2,1,1
BRDA:35,3,0,0
BRDA:35,3,1,1
BRF:8
BRH:5
end_of_record
